<?xml version="1.0" encoding="UTF-8"?>
<coverage generated="1774213124470" clover="3.2.0">
  <project timestamp="1774213124470" name="All files">
    <metrics statements="21" coveredstatements="21" conditionals="9" coveredconditionals="6" methods="12" coveredmethods="12" elements="42" coveredelements="39" complexity="0" loc="21" ncloc="21" packages="1" files="1" classes="1"/>
    <file name="TodoList.tsx" path="/Users/mindcore/projects/lab-repository/lab_010/lab_010.2/src/components/TodoList.tsx">
      <metrics statements="21" coveredstatements="21" conditionals="9" coveredconditionals="6" methods="12" coveredmethods="12"/>
      <line num="1" count="1" type="stmt"/>
      <line num="13" count="1" type="cond" truecount="1" falsecount="0"/>
      <line num="15" count="17" type="stmt"/>
      <line num="16" count="17" type="stmt"/>
      <line num="18" count="17" type="stmt"/>
      <line num="19" count="1" type="cond" truecount="1" falsecount="1"/>
      <line num="20" count="1" type="stmt"/>
      <line num="24" count="1" type="stmt"/>
      <line num="28" count="17" type="stmt"/>
      <line num="29" count="1" type="stmt"/>
      <line num="31" count="1" type="cond" truecount="1" falsecount="1"/>
      <line num="38" count="17" type="stmt"/>
      <line num="39" count="1" type="stmt"/>
      <line num="42" count="17" type="stmt"/>
      <line num="43" count="10" type="cond" truecount="1" falsecount="1"/>
      <line num="46" count="17" type="stmt"/>
      <line num="53" count="10" type="stmt"/>
      <line num="63" count="4" type="stmt"/>
      <line num="72" count="1" type="stmt"/>
      <line num="79" count="1" type="stmt"/>
      <line num="89" count="4" type="stmt"/>
    </file>
  </project>
</coverage>
