{"/Users/mindcore/projects/lab-repository/lab_010/lab_010.2/src/components/TodoList.tsx": {"path":"/Users/mindcore/projects/lab-repository/lab_010/lab_010.2/src/components/TodoList.tsx","statementMap":{"0":{"start":{"line":13,"column":0},"end":{"line":13,"column":16}},"1":{"start":{"line":1,"column":0},"end":{"line":1,"column":33}},"2":{"start":{"line":15,"column":28},"end":{"line":15,"column":58}},"3":{"start":{"line":16,"column":32},"end":{"line":16,"column":44}},"4":{"start":{"line":18,"column":18},"end":{"line":26,"column":3}},"5":{"start":{"line":19,"column":4},"end":{"line":25,"column":5}},"6":{"start":{"line":20,"column":6},"end":{"line":23,"column":9}},"7":{"start":{"line":24,"column":6},"end":{"line":24,"column":21}},"8":{"start":{"line":28,"column":21},"end":{"line":36,"column":3}},"9":{"start":{"line":29,"column":4},"end":{"line":35,"column":6}},"10":{"start":{"line":31,"column":8},"end":{"line":33,"column":16}},"11":{"start":{"line":38,"column":21},"end":{"line":40,"column":3}},"12":{"start":{"line":39,"column":4},"end":{"line":39,"column":51}},"13":{"start":{"line":39,"column":34},"end":{"line":39,"column":48}},"14":{"start":{"line":42,"column":24},"end":{"line":44,"column":3}},"15":{"start":{"line":43,"column":4},"end":{"line":43,"column":37}},"16":{"start":{"line":43,"column":27},"end":{"line":43,"column":37}},"17":{"start":{"line":46,"column":2},"end":{"line":92,"column":4}},"18":{"start":{"line":53,"column":25},"end":{"line":53,"column":51}},"19":{"start":{"line":63,"column":10},"end":{"line":64,"column":null}},"20":{"start":{"line":72,"column":30},"end":{"line":72,"column":49}},"21":{"start":{"line":79,"column":29},"end":{"line":79,"column":48}},"22":{"start":{"line":89,"column":27},"end":{"line":89,"column":38}}},"fnMap":{"0":{"name":"TodoList","decl":{"start":{"line":13,"column":16},"end":{"line":13,"column":24}},"loc":{"start":{"line":13,"column":61},"end":{"line":93,"column":1}}},"1":{"name":"(anonymous_1)","decl":{"start":{"line":18,"column":18},"end":{"line":18,"column":21}},"loc":{"start":{"line":18,"column":23},"end":{"line":26,"column":3}}},"2":{"name":"(anonymous_2)","decl":{"start":{"line":28,"column":21},"end":{"line":28,"column":22}},"loc":{"start":{"line":28,"column":36},"end":{"line":36,"column":3}}},"3":{"name":"(anonymous_3)","decl":{"start":{"line":30,"column":16},"end":{"line":30,"column":20}},"loc":{"start":{"line":31,"column":8},"end":{"line":33,"column":16}}},"4":{"name":"(anonymous_4)","decl":{"start":{"line":38,"column":21},"end":{"line":38,"column":22}},"loc":{"start":{"line":38,"column":36},"end":{"line":40,"column":3}}},"5":{"name":"(anonymous_5)","decl":{"start":{"line":39,"column":26},"end":{"line":39,"column":30}},"loc":{"start":{"line":39,"column":34},"end":{"line":39,"column":48}}},"6":{"name":"(anonymous_6)","decl":{"start":{"line":42,"column":24},"end":{"line":42,"column":25}},"loc":{"start":{"line":42,"column":51},"end":{"line":44,"column":3}}},"7":{"name":"(anonymous_7)","decl":{"start":{"line":53,"column":18},"end":{"line":53,"column":19}},"loc":{"start":{"line":53,"column":25},"end":{"line":53,"column":51}}},"8":{"name":"(anonymous_8)","decl":{"start":{"line":62,"column":19},"end":{"line":62,"column":23}},"loc":{"start":{"line":63,"column":10},"end":{"line":64,"column":null}}},"9":{"name":"(anonymous_9)","decl":{"start":{"line":72,"column":24},"end":{"line":72,"column":27}},"loc":{"start":{"line":72,"column":30},"end":{"line":72,"column":49}}},"10":{"name":"(anonymous_10)","decl":{"start":{"line":79,"column":23},"end":{"line":79,"column":26}},"loc":{"start":{"line":79,"column":29},"end":{"line":79,"column":48}}},"11":{"name":"(anonymous_11)","decl":{"start":{"line":89,"column":22},"end":{"line":89,"column":23}},"loc":{"start":{"line":89,"column":27},"end":{"line":89,"column":38}}}},"branchMap":{"0":{"loc":{"start":{"line":13,"column":27},"end":{"line":13,"column":44}},"type":"default-arg","locations":[{"start":{"line":13,"column":42},"end":{"line":13,"column":44}}]},"1":{"loc":{"start":{"line":19,"column":4},"end":{"line":25,"column":5}},"type":"if","locations":[{"start":{"line":19,"column":4},"end":{"line":25,"column":5}},{"start":{},"end":{}}]},"2":{"loc":{"start":{"line":31,"column":8},"end":{"line":33,"column":16}},"type":"cond-expr","locations":[{"start":{"line":32,"column":12},"end":{"line":32,"column":51}},{"start":{"line":33,"column":12},"end":{"line":33,"column":16}}]},"3":{"loc":{"start":{"line":43,"column":4},"end":{"line":43,"column":37}},"type":"if","locations":[{"start":{"line":43,"column":4},"end":{"line":43,"column":37}},{"start":{},"end":{}}]},"4":{"loc":{"start":{"line":66,"column":23},"end":{"line":66,"column":56}},"type":"cond-expr","locations":[{"start":{"line":66,"column":40},"end":{"line":66,"column":51}},{"start":{"line":66,"column":54},"end":{"line":66,"column":56}}]}},"s":{"0":1,"1":1,"2":17,"3":17,"4":17,"5":1,"6":1,"7":1,"8":17,"9":1,"10":1,"11":17,"12":1,"13":1,"14":17,"15":10,"16":0,"17":17,"18":10,"19":4,"20":1,"21":1,"22":4},"f":{"0":17,"1":1,"2":1,"3":1,"4":1,"5":1,"6":10,"7":10,"8":4,"9":1,"10":1,"11":4},"b":{"0":[13],"1":[1,0],"2":[1,0],"3":[0,10],"4":[1,3]}}
}
