TN:
SF:src/components/TodoList.tsx
FN:13,TodoList
FN:18,(anonymous_1)
FN:28,(anonymous_2)
FN:30,(anonymous_3)
FN:38,(anonymous_4)
FN:39,(anonymous_5)
FN:42,(anonymous_6)
FN:53,(anonymous_7)
FN:62,(anonymous_8)
FN:72,(anonymous_9)
FN:79,(anonymous_10)
FN:89,(anonymous_11)
FNF:12
FNH:12
FNDA:17,TodoList
FNDA:1,(anonymous_1)
FNDA:1,(anonymous_2)
FNDA:1,(anonymous_3)
FNDA:1,(anonymous_4)
FNDA:1,(anonymous_5)
FNDA:10,(anonymous_6)
FNDA:10,(anonymous_7)
FNDA:4,(anonymous_8)
FNDA:1,(anonymous_9)
FNDA:1,(anonymous_10)
FNDA:4,(anonymous_11)
DA:1,1
DA:13,1
DA:15,17
DA:16,17
DA:18,17
DA:19,1
DA:20,1
DA:24,1
DA:28,17
DA:29,1
DA:31,1
DA:38,17
DA:39,1
DA:42,17
DA:43,10
DA:46,17
DA:53,10
DA:63,4
DA:72,1
DA:79,1
DA:89,4
LF:21
LH:21
BRDA:13,0,0,13
BRDA:19,1,0,1
BRDA:19,1,1,0
BRDA:31,2,0,1
BRDA:31,2,1,0
BRDA:43,3,0,0
BRDA:43,3,1,10
BRDA:66,4,0,1
BRDA:66,4,1,3
BRF:9
BRH:6
end_of_record
